<!DOCTYPE html PUBLIC "-//W3C//DTD XHTML 1.1//EN" "http://www.w3.org/TR/xhtml11/DTD/xhtml11.dtd">
<html xmlns="http://www.w3.org/1999/xhtml">
<head>
<meta http-equiv="content-type" content="text/html; charset=UTF-8"/>
<title>TestNG Report</title>
<style type="text/css">table {margin-bottom:10px;border-collapse:collapse;empty-cells:show}th,td {border:1px solid #009;padding:.25em .5em}th {vertical-align:bottom}td {vertical-align:top}table a {font-weight:bold}.stripe td {background-color: #E6EBF9}.num {text-align:right}.passedodd td {background-color: #3F3}.passedeven td {background-color: #0A0}.skippedodd td {background-color: #DDD}.skippedeven td {background-color: #CCC}.failedodd td,.attn {background-color: #F33}.failedeven td,.stripe .attn {background-color: #D00}.stacktrace {white-space:pre;font-family:monospace}.totop {font-size:85%;text-align:center;border-bottom:2px solid #000}.invisible {display:none}</style>
</head>
<body>
<table>
<tr><th>Test</th><th># Passed</th><th># Skipped</th><th># Retried</th><th># Failed</th><th>Time (ms)</th><th>Included Groups</th><th>Excluded Groups</th></tr>
<tr><th colspan="8">Suite</th></tr>
<tr><td><a href="#t0">Registration</a></td><td class="num">0</td><td class="num">0</td><td class="num">0</td><td class="num attn">1</td><td class="num">28,006</td><td></td><td></td></tr>
<tr class="stripe"><td><a href="#t1">Login</a></td><td class="num">1</td><td class="num">0</td><td class="num">0</td><td class="num">0</td><td class="num">18,432</td><td></td><td></td></tr>
<tr><td><a href="#t2">ViewPrimaryAccountTest</a></td><td class="num">1</td><td class="num">0</td><td class="num">0</td><td class="num">0</td><td class="num">15,286</td><td></td><td></td></tr>
<tr class="stripe"><td><a href="#t3">DepositFundTest</a></td><td class="num">1</td><td class="num">0</td><td class="num">0</td><td class="num attn">1</td><td class="num">23,080</td><td></td><td></td></tr>
<tr><td><a href="#t4">ViewSecondaryAccountTest</a></td><td class="num">1</td><td class="num">0</td><td class="num">0</td><td class="num">0</td><td class="num">19,682</td><td></td><td></td></tr>
<tr class="stripe"><td><a href="#t5">TransferFundTest</a></td><td class="num">3</td><td class="num">0</td><td class="num">0</td><td class="num">0</td><td class="num">25,768</td><td></td><td></td></tr>
<tr><td><a href="#t6">WithdrawFundTest</a></td><td class="num">3</td><td class="num">0</td><td class="num">0</td><td class="num attn">1</td><td class="num">16,677</td><td></td><td></td></tr>
<tr class="stripe"><td><a href="#t7">RequestChequeBookTest</a></td><td class="num">0</td><td class="num">0</td><td class="num">0</td><td class="num attn">1</td><td class="num">15,398</td><td></td><td></td></tr>
<tr><th>Total</th><th class="num">10</th><th class="num">0</th><th class="num">0</th><th class="num attn">4</th><th class="num">162,329</th><th colspan="2"></th></tr>
</table>
<table id='summary'><thead><tr><th>Class</th><th>Method</th><th>Start</th><th>Time (ms)</th></tr></thead><tbody><tr><th colspan="4">Suite</th></tr></tbody><tbody id="t0"><tr><th colspan="4">Registration &#8212; failed</th></tr><tr class="failedeven"><td rowspan="1">frontEndTesting.RegistrationTest</td><td><a href="#m0">registerUser</a></td><td rowspan="1">1692076493380</td><td rowspan="1">8049</td></tr></tbody>
<tbody id="t1"><tr><th colspan="4">Login &#8212; passed</th></tr><tr class="passedeven"><td rowspan="1">frontEndTesting.LoginTest</td><td><a href="#m1">loginUser</a></td><td rowspan="1">1692076520450</td><td rowspan="1">2847</td></tr></tbody>
<tbody id="t2"><tr><th colspan="4">ViewPrimaryAccountTest &#8212; passed</th></tr><tr class="passedeven"><td rowspan="1">frontEndTesting.ViewPrimaryAccountTest</td><td><a href="#m2">requestChequeBook</a></td><td rowspan="1">1692076534178</td><td rowspan="1">5313</td></tr></tbody>
<tbody id="t3"><tr><th colspan="4">DepositFundTest &#8212; failed</th></tr><tr class="failedeven"><td rowspan="1">frontEndTesting.DepositFundTest</td><td><a href="#m3">depositFundInSavingAccount</a></td><td rowspan="1">1692076556482</td><td rowspan="1">3658</td></tr><tr><th colspan="4">DepositFundTest &#8212; passed</th></tr><tr class="passedeven"><td rowspan="1">frontEndTesting.DepositFundTest</td><td><a href="#m4">depositFundInPrimaryAccount</a></td><td rowspan="1">1692076549434</td><td rowspan="1">7039</td></tr></tbody>
<tbody id="t4"><tr><th colspan="4">ViewSecondaryAccountTest &#8212; passed</th></tr><tr class="passedeven"><td rowspan="1">frontEndTesting.ViewSecondaryAccountTest</td><td><a href="#m5">requestChequeBook</a></td><td rowspan="1">1692076578463</td><td rowspan="1">3957</td></tr></tbody>
<tbody id="t5"><tr><th colspan="4">TransferFundTest &#8212; passed</th></tr><tr class="passedeven"><td rowspan="3">frontEndTesting.TransferFundTest</td><td><a href="#m6">transferFund</a></td><td rowspan="1">1692076594307</td><td rowspan="1">6804</td></tr><tr class="passedeven"><td><a href="#m7">transferFundGreaterThanBalance</a></td><td rowspan="1">1692076601118</td><td rowspan="1">4194</td></tr><tr class="passedeven"><td><a href="#m8">transferFundWithIncorrectAccountNumber</a></td><td rowspan="1">1692076605318</td><td rowspan="1">4110</td></tr></tbody>
<tbody id="t6"><tr><th colspan="4">WithdrawFundTest &#8212; failed (configuration methods)</th></tr><tr class="failedeven"><td rowspan="1">frontEndTesting.WithdrawFundTest</td><td><a href="#m9">cleanUp</a></td><td rowspan="1">1692076626451</td><td rowspan="1">144</td></tr><tr><th colspan="4">WithdrawFundTest &#8212; failed</th></tr><tr class="failedeven"><td rowspan="1">frontEndTesting.WithdrawFundTest</td><td><a href="#m10">withdrawingAmountGreaterThanCurrentAmounForSavingsAccount</a></td><td rowspan="1">1692076623494</td><td rowspan="1">2952</td></tr><tr><th colspan="4">WithdrawFundTest &#8212; passed</th></tr><tr class="passedeven"><td rowspan="3">frontEndTesting.WithdrawFundTest</td><td><a href="#m11">withdrawFundInPrimaryAccount</a></td><td rowspan="1">1692076615916</td><td rowspan="1">3732</td></tr><tr class="passedeven"><td><a href="#m12">withdrawFundInSavingAccount</a></td><td rowspan="1">1692076619654</td><td rowspan="1">2021</td></tr><tr class="passedeven"><td><a href="#m13">withdrawingAmountGreaterThanCurrentAmounForPrimaryAccount</a></td><td rowspan="1">1692076621680</td><td rowspan="1">1810</td></tr></tbody>
<tbody id="t7"><tr><th colspan="4">RequestChequeBookTest &#8212; failed</th></tr><tr class="failedeven"><td rowspan="1">frontEndTesting.RequestChequeBookTest</td><td><a href="#m14">requestChequeBook</a></td><td rowspan="1">1692076634904</td><td rowspan="1">6414</td></tr></tbody>
</table>
<h2>Registration</h2><h3 id="m0">frontEndTesting.RegistrationTest#registerUser</h3><table class="result"><tr><th>Exception</th></tr><tr><td><div class="stacktrace">java.lang.AssertionError: expected [http://localhost:4200/login] but found [http://localhost:4200/register/userRegistration]
	at frontEndTesting.RegistrationTest.registerUser(RegistrationTest.java:61)
	at java.base/java.util.ArrayList.forEach(ArrayList.java:1511)
... Removed 30 stack frames</div></td></tr></table><p class="totop"><a href="#summary">back to summary</a></p>
<h2>Login</h2><h3 id="m1">frontEndTesting.LoginTest#loginUser</h3><table class="result"><tr><th class="invisible"/></tr></table><p class="totop"><a href="#summary">back to summary</a></p>
<h2>ViewPrimaryAccountTest</h2><h3 id="m2">frontEndTesting.ViewPrimaryAccountTest#requestChequeBook</h3><table class="result"><tr><th class="invisible"/></tr></table><p class="totop"><a href="#summary">back to summary</a></p>
<h2>DepositFundTest</h2><h3 id="m3">frontEndTesting.DepositFundTest#depositFundInSavingAccount</h3><table class="result"><tr><th>Exception</th></tr><tr><td><div class="stacktrace">org.openqa.selenium.NoAlertPresentException: no such alert
  (Session info: chrome=115.0.5790.171)
Build info: version: &apos;3.141.59&apos;, revision: &apos;e82be7d358&apos;, time: &apos;2018-11-14T08:17:03&apos;
System info: host: &apos;DESKTOP-RO7LUG0&apos;, ip: &apos;192.168.43.211&apos;, os.name: &apos;Windows 10&apos;, os.arch: &apos;amd64&apos;, os.version: &apos;10.0&apos;, java.version: &apos;20.0.1&apos;
Driver info: org.openqa.selenium.chrome.ChromeDriver
Capabilities {acceptInsecureCerts: false, browserName: chrome, browserVersion: 115.0.5790.171, chrome: {chromedriverVersion: 114.0.5735.90 (386bc09e8f4f..., userDataDir: C:\Users\Dell\AppData\Local...}, goog:chromeOptions: {debuggerAddress: localhost:56395}, javascriptEnabled: true, networkConnectionEnabled: false, pageLoadStrategy: normal, platform: WINDOWS, platformName: WINDOWS, proxy: Proxy(), setWindowRect: true, strictFileInteractability: false, timeouts: {implicit: 0, pageLoad: 300000, script: 30000}, unhandledPromptBehavior: dismiss and notify, webauthn:extension:credBlob: true, webauthn:extension:largeBlob: true, webauthn:extension:minPinLength: true, webauthn:extension:prf: true, webauthn:virtualAuthenticators: true}
Session ID: 87c7aba152c80dff0be8f859db94c6d4
	at org.openqa.selenium.remote.http.W3CHttpResponseCodec.createException(W3CHttpResponseCodec.java:187)
	at org.openqa.selenium.remote.http.W3CHttpResponseCodec.decode(W3CHttpResponseCodec.java:122)
	at org.openqa.selenium.remote.http.W3CHttpResponseCodec.decode(W3CHttpResponseCodec.java:49)
	at org.openqa.selenium.remote.HttpCommandExecutor.execute(HttpCommandExecutor.java:158)
	at org.openqa.selenium.remote.service.DriverCommandExecutor.execute(DriverCommandExecutor.java:83)
	at org.openqa.selenium.remote.RemoteWebDriver.execute(RemoteWebDriver.java:552)
	at org.openqa.selenium.remote.RemoteWebDriver.execute(RemoteWebDriver.java:609)
	at org.openqa.selenium.remote.RemoteWebDriver$RemoteTargetLocator.alert(RemoteWebDriver.java:932)
	at frontEndTesting.DepositFundTest.depositFundInSavingAccount(DepositFundTest.java:57)
	at java.base/java.util.ArrayList.forEach(ArrayList.java:1511)
... Removed 28 stack frames</div></td></tr></table><p class="totop"><a href="#summary">back to summary</a></p>
<h3 id="m4">frontEndTesting.DepositFundTest#depositFundInPrimaryAccount</h3><table class="result"><tr><th class="invisible"/></tr></table><p class="totop"><a href="#summary">back to summary</a></p>
<h2>ViewSecondaryAccountTest</h2><h3 id="m5">frontEndTesting.ViewSecondaryAccountTest#requestChequeBook</h3><table class="result"><tr><th class="invisible"/></tr></table><p class="totop"><a href="#summary">back to summary</a></p>
<h2>TransferFundTest</h2><h3 id="m6">frontEndTesting.TransferFundTest#transferFund</h3><table class="result"><tr><th class="invisible"/></tr></table><p class="totop"><a href="#summary">back to summary</a></p>
<h3 id="m7">frontEndTesting.TransferFundTest#transferFundGreaterThanBalance</h3><table class="result"><tr><th class="invisible"/></tr></table><p class="totop"><a href="#summary">back to summary</a></p>
<h3 id="m8">frontEndTesting.TransferFundTest#transferFundWithIncorrectAccountNumber</h3><table class="result"><tr><th class="invisible"/></tr></table><p class="totop"><a href="#summary">back to summary</a></p>
<h2>WithdrawFundTest</h2><h3 id="m9">frontEndTesting.WithdrawFundTest#cleanUp</h3><table class="result"><tr><th>Exception</th></tr><tr><td><div class="stacktrace">org.openqa.selenium.UnhandledAlertException: unexpected alert open: {Alert text : Money Withdrawn successfully!!}
  (Session info: chrome=115.0.5790.171): Money Withdrawn successfully!!
Build info: version: &apos;3.141.59&apos;, revision: &apos;e82be7d358&apos;, time: &apos;2018-11-14T08:17:03&apos;
System info: host: &apos;DESKTOP-RO7LUG0&apos;, ip: &apos;192.168.43.211&apos;, os.name: &apos;Windows 10&apos;, os.arch: &apos;amd64&apos;, os.version: &apos;10.0&apos;, java.version: &apos;20.0.1&apos;
Driver info: org.openqa.selenium.chrome.ChromeDriver
Capabilities {acceptInsecureCerts: false, browserName: chrome, browserVersion: 115.0.5790.171, chrome: {chromedriverVersion: 114.0.5735.90 (386bc09e8f4f..., userDataDir: C:\Users\Dell\AppData\Local...}, goog:chromeOptions: {debuggerAddress: localhost:56534}, javascriptEnabled: true, networkConnectionEnabled: false, pageLoadStrategy: normal, platform: WINDOWS, platformName: WINDOWS, proxy: Proxy(), setWindowRect: true, strictFileInteractability: false, timeouts: {implicit: 0, pageLoad: 300000, script: 30000}, unhandledPromptBehavior: dismiss and notify, webauthn:extension:credBlob: true, webauthn:extension:largeBlob: true, webauthn:extension:minPinLength: true, webauthn:extension:prf: true, webauthn:virtualAuthenticators: true}
Session ID: 42260e478f6afe087ec5539ba3bbd0d4
	at org.openqa.selenium.remote.http.W3CHttpResponseCodec.decode(W3CHttpResponseCodec.java:120)
	at org.openqa.selenium.remote.http.W3CHttpResponseCodec.decode(W3CHttpResponseCodec.java:49)
	at org.openqa.selenium.remote.HttpCommandExecutor.execute(HttpCommandExecutor.java:158)
	at org.openqa.selenium.remote.service.DriverCommandExecutor.execute(DriverCommandExecutor.java:83)
	at org.openqa.selenium.remote.RemoteWebDriver.execute(RemoteWebDriver.java:552)
	at org.openqa.selenium.remote.RemoteWebDriver.execute(RemoteWebDriver.java:609)
	at org.openqa.selenium.remote.RemoteWebDriver.close(RemoteWebDriver.java:442)
	at frontEndTesting.WithdrawFundTest.cleanUp(WithdrawFundTest.java:99)
... Removed 22 stack frames</div></td></tr></table><p class="totop"><a href="#summary">back to summary</a></p>
<h3 id="m10">frontEndTesting.WithdrawFundTest#withdrawingAmountGreaterThanCurrentAmounForSavingsAccount</h3><table class="result"><tr><th>Exception</th></tr><tr><td><div class="stacktrace">java.lang.AssertionError: expected [Insufficient Funds] but found [Money Withdrawn successfully!!]
	at frontEndTesting.WithdrawFundTest.withdrawingAmountGreaterThanCurrentAmounForSavingsAccount(WithdrawFundTest.java:79)
	at java.base/java.util.ArrayList.forEach(ArrayList.java:1511)
... Removed 30 stack frames</div></td></tr></table><p class="totop"><a href="#summary">back to summary</a></p>
<h3 id="m11">frontEndTesting.WithdrawFundTest#withdrawFundInPrimaryAccount</h3><table class="result"><tr><th class="invisible"/></tr></table><p class="totop"><a href="#summary">back to summary</a></p>
<h3 id="m12">frontEndTesting.WithdrawFundTest#withdrawFundInSavingAccount</h3><table class="result"><tr><th class="invisible"/></tr></table><p class="totop"><a href="#summary">back to summary</a></p>
<h3 id="m13">frontEndTesting.WithdrawFundTest#withdrawingAmountGreaterThanCurrentAmounForPrimaryAccount</h3><table class="result"><tr><th class="invisible"/></tr></table><p class="totop"><a href="#summary">back to summary</a></p>
<h2>RequestChequeBookTest</h2><h3 id="m14">frontEndTesting.RequestChequeBookTest#requestChequeBook</h3><table class="result"><tr><th>Exception</th></tr><tr><td><div class="stacktrace">org.openqa.selenium.NoSuchElementException: no such element: Unable to locate element: {&quot;method&quot;:&quot;css selector&quot;,&quot;selector&quot;:&quot;#primary&quot;}
  (Session info: chrome=115.0.5790.171)
For documentation on this error, please visit: https://www.seleniumhq.org/exceptions/no_such_element.html
Build info: version: &apos;3.141.59&apos;, revision: &apos;e82be7d358&apos;, time: &apos;2018-11-14T08:17:03&apos;
System info: host: &apos;DESKTOP-RO7LUG0&apos;, ip: &apos;192.168.43.211&apos;, os.name: &apos;Windows 10&apos;, os.arch: &apos;amd64&apos;, os.version: &apos;10.0&apos;, java.version: &apos;20.0.1&apos;
Driver info: org.openqa.selenium.chrome.ChromeDriver
Capabilities {acceptInsecureCerts: false, browserName: chrome, browserVersion: 115.0.5790.171, chrome: {chromedriverVersion: 114.0.5735.90 (386bc09e8f4f..., userDataDir: C:\Users\Dell\AppData\Local...}, goog:chromeOptions: {debuggerAddress: localhost:56573}, javascriptEnabled: true, networkConnectionEnabled: false, pageLoadStrategy: normal, platform: WINDOWS, platformName: WINDOWS, proxy: Proxy(), setWindowRect: true, strictFileInteractability: false, timeouts: {implicit: 0, pageLoad: 300000, script: 30000}, unhandledPromptBehavior: dismiss and notify, webauthn:extension:credBlob: true, webauthn:extension:largeBlob: true, webauthn:extension:minPinLength: true, webauthn:extension:prf: true, webauthn:virtualAuthenticators: true}
Session ID: 88647e45b0742f76c2e7141efe6337ad
*** Element info: {Using=id, value=primary}
	at org.openqa.selenium.remote.http.W3CHttpResponseCodec.createException(W3CHttpResponseCodec.java:187)
	at org.openqa.selenium.remote.http.W3CHttpResponseCodec.decode(W3CHttpResponseCodec.java:122)
	at org.openqa.selenium.remote.http.W3CHttpResponseCodec.decode(W3CHttpResponseCodec.java:49)
	at org.openqa.selenium.remote.HttpCommandExecutor.execute(HttpCommandExecutor.java:158)
	at org.openqa.selenium.remote.service.DriverCommandExecutor.execute(DriverCommandExecutor.java:83)
	at org.openqa.selenium.remote.RemoteWebDriver.execute(RemoteWebDriver.java:552)
	at org.openqa.selenium.remote.RemoteWebDriver.findElement(RemoteWebDriver.java:323)
	at org.openqa.selenium.remote.RemoteWebDriver.findElementById(RemoteWebDriver.java:372)
	at org.openqa.selenium.By$ById.findElement(By.java:188)
	at org.openqa.selenium.remote.RemoteWebDriver.findElement(RemoteWebDriver.java:315)
	at frontEndTesting.RequestChequeBookTest.requestChequeBook(RequestChequeBookTest.java:36)
	at java.base/java.util.ArrayList.forEach(ArrayList.java:1511)
... Removed 28 stack frames</div></td></tr></table><p class="totop"><a href="#summary">back to summary</a></p>
</body>
</html>
